<?xml version="1.0" encoding="UTF-8"?>
<!-- Generated by org.testng.reporters.JUnitReportReporter -->
<testsuite hostname="DESKTOP-4GHHHHC" failures="0" tests="8" name="javabasic.patternmaching" time="0.007" errors="0" timestamp="2024-01-24T08:54:43 IST" skipped="7">
  <testcase classname="javabasic.patternmaching" name="test8" time="0.007"/>
  <system-out/>
  <testcase classname="javabasic.patternmaching" name="test4">
    <skipped/>
  </testcase> <!-- test4 -->
  <system-out/>
  <testcase classname="javabasic.patternmaching" name="test3">
    <skipped/>
  </testcase> <!-- test3 -->
  <system-out/>
  <testcase classname="javabasic.patternmaching" name="test2">
    <skipped/>
  </testcase> <!-- test2 -->
  <system-out/>
  <testcase classname="javabasic.patternmaching" name="test7">
    <skipped/>
  </testcase> <!-- test7 -->
  <system-out/>
  <testcase classname="javabasic.patternmaching" name="test6">
    <skipped/>
  </testcase> <!-- test6 -->
  <system-out/>
  <testcase classname="javabasic.patternmaching" name="test1">
    <skipped/>
  </testcase> <!-- test1 -->
  <system-out/>
  <testcase classname="javabasic.patternmaching" name="test5">
    <skipped/>
  </testcase> <!-- test5 -->
  <system-out/>
</testsuite> <!-- javabasic.patternmaching -->
