<?xml version="1.0" encoding="UTF-8"?>
<!-- Generated by org.testng.reporters.JUnitReportReporter -->
<testsuite hostname="DESKTOP-4GHHHHC" failures="0" tests="3" name="javabasic.arrayclass" time="0.009" errors="0" timestamp="2024-02-07T23:11:38 IST" skipped="2">
  <testcase classname="javabasic.arrayclass" name="sorted" time="0.009"/>
  <system-out/>
  <testcase classname="javabasic.arrayclass" name="smallarg">
    <skipped/>
  </testcase> <!-- smallarg -->
  <system-out/>
  <testcase classname="javabasic.arrayclass" name="arraystring">
    <skipped/>
  </testcase> <!-- arraystring -->
  <system-out/>
</testsuite> <!-- javabasic.arrayclass -->
