<?xml version="1.0" encoding="UTF-8"?>
<!-- Generated by org.testng.reporters.JUnitReportReporter -->
<testsuite hostname="DESKTOP-4GHHHHC" failures="0" tests="1" name="Java.Practice.privateclass" time="0.007" errors="0" timestamp="2024-03-18T10:53:17 IST" skipped="0">
  <testcase classname="Java.Practice.privateclass" name="methodA" time="0.007"/>
  <system-out/>
</testsuite> <!-- Java.Practice.privateclass -->
