<?xml version="1.0" encoding="UTF-8"?>
<!-- Generated by org.testng.reporters.JUnitReportReporter -->
<testsuite hostname="DESKTOP-4GHHHHC" failures="0" tests="1" name="javabasic.superclass" time="0.006" errors="0" timestamp="2024-01-27T05:52:07 IST" skipped="0">
  <testcase classname="javabasic.superclass" name="maptable" time="0.006"/>
  <system-out/>
</testsuite> <!-- javabasic.superclass -->
