<?xml version="1.0" encoding="UTF-8"?>
<!-- Generated by org.testng.reporters.JUnitReportReporter -->
<testsuite hostname="DESKTOP-4GHHHHC" failures="0" tests="17" name="Java.Practice.stringclass" time="0.008" errors="0" timestamp="2024-03-19T07:42:44 IST" skipped="16">
  <testcase classname="Java.Practice.stringclass" name="ascord" time="0.008"/>
  <system-out/>
  <testcase classname="Java.Practice.stringclass" name="compare">
    <skipped/>
  </testcase> <!-- compare -->
  <system-out/>
  <testcase classname="Java.Practice.stringclass" name="buffelo">
    <skipped/>
  </testcase> <!-- buffelo -->
  <system-out/>
  <testcase classname="Java.Practice.stringclass" name="gobuz">
    <skipped/>
  </testcase> <!-- gobuz -->
  <system-out/>
  <testcase classname="Java.Practice.stringclass" name="interchangestring">
    <skipped/>
  </testcase> <!-- interchangestring -->
  <system-out/>
  <testcase classname="Java.Practice.stringclass" name="stringchar">
    <skipped/>
  </testcase> <!-- stringchar -->
  <system-out/>
  <testcase classname="Java.Practice.stringclass" name="check">
    <skipped/>
  </testcase> <!-- check -->
  <system-out/>
  <testcase classname="Java.Practice.stringclass" name="aseding">
    <skipped/>
  </testcase> <!-- aseding -->
  <system-out/>
  <testcase classname="Java.Practice.stringclass" name="reverse">
    <skipped/>
  </testcase> <!-- reverse -->
  <system-out/>
  <testcase classname="Java.Practice.stringclass" name="substring">
    <skipped/>
  </testcase> <!-- substring -->
  <system-out/>
  <testcase classname="Java.Practice.stringclass" name="otherway">
    <skipped/>
  </testcase> <!-- otherway -->
  <system-out/>
  <testcase classname="Java.Practice.stringclass" name="retrive">
    <skipped/>
  </testcase> <!-- retrive -->
  <system-out/>
  <testcase classname="Java.Practice.stringclass" name="totalsum">
    <skipped/>
  </testcase> <!-- totalsum -->
  <system-out/>
  <testcase classname="Java.Practice.stringclass" name="reverseword">
    <skipped/>
  </testcase> <!-- reverseword -->
  <system-out/>
  <testcase classname="Java.Practice.stringclass" name="taken">
    <skipped/>
  </testcase> <!-- taken -->
  <system-out/>
  <testcase classname="Java.Practice.stringclass" name="concate">
    <skipped/>
  </testcase> <!-- concate -->
  <system-out/>
  <testcase classname="Java.Practice.stringclass" name="jobaz">
    <skipped/>
  </testcase> <!-- jobaz -->
  <system-out/>
</testsuite> <!-- Java.Practice.stringclass -->
