<?xml version="1.0" encoding="UTF-8"?>
<!-- Generated by org.testng.reporters.JUnitReportReporter -->
<testsuite hostname="DESKTOP-4GHHHHC" failures="0" tests="1" name="javabasic.basic_pratice2" time="0.016" errors="0" timestamp="2024-01-08T06:53:33 IST" skipped="0">
  <testcase classname="javabasic.basic_pratice2" name="go" time="0.016"/>
  <system-out/>
</testsuite> <!-- javabasic.basic_pratice2 -->
