<?xml version="1.0" encoding="UTF-8"?>
<!-- Generated by org.testng.reporters.JUnitReportReporter -->
<testsuite hostname="DESKTOP-4GHHHHC" failures="0" tests="1" name="javabasic.practice_basics1" time="0.008" errors="0" timestamp="2024-02-09T07:47:54 IST" skipped="0">
  <testcase classname="javabasic.practice_basics1" name="go" time="0.008"/>
  <system-out/>
</testsuite> <!-- javabasic.practice_basics1 -->
