<?xml version="1.0" encoding="UTF-8"?>
<!-- Generated by org.testng.reporters.JUnitReportReporter -->
<testsuite hostname="DESKTOP-4GHHHHC" failures="0" tests="1" name="javabasic.returnclass" time="0.009" errors="0" timestamp="2024-01-27T05:56:41 IST" skipped="0">
  <testcase classname="javabasic.returnclass" name="ho" time="0.009"/>
  <system-out/>
</testsuite> <!-- javabasic.returnclass -->
