<?xml version="1.0" encoding="UTF-8"?>
<!-- Generated by org.testng.reporters.JUnitReportReporter -->
<testsuite hostname="DESKTOP-4GHHHHC" failures="0" tests="1" name="javabasic.subclass" time="0.007" errors="0" timestamp="2024-03-19T09:00:31 IST" skipped="0">
  <testcase classname="javabasic.subclass" name="sum" time="0.007"/>
  <system-out/>
</testsuite> <!-- javabasic.subclass -->
