<?xml version="1.0" encoding="UTF-8"?>
<!-- Generated by org.testng.reporters.JUnitReportReporter -->
<testsuite hostname="DESKTOP-4GHHHHC" failures="0" tests="2" name="Java.Practice.arrayClass" time="0.006" errors="0" timestamp="2024-03-14T18:40:53 IST" skipped="1">
  <testcase classname="Java.Practice.arrayClass" name="listchat" time="0.006"/>
  <system-out/>
  <testcase classname="Java.Practice.arrayClass" name="mark">
    <skipped/>
  </testcase> <!-- mark -->
  <system-out/>
</testsuite> <!-- Java.Practice.arrayClass -->
